[Wed Oct 27 14:57:36.895105 2021] [cgi:error] [pid 9508:tid 1020] [client 127.0.0.1:50347] AH02811: script not found or unable to stat: C:/webserver/Apache24/cgi-bin/qgis_mapserv.fcgi
[Wed Oct 27 15:29:55.379818 2021] [fcgid:warn] [pid 9508:tid 1020] [client ::1:51608] mod_fcgid: stderr: PHP Fatal error:  Maximum execution time of 30 seconds exceeded in C:\\webserver\\lizmap\\prod\\release_3_3\\lizmap\\modules\\lizmap\\classes\\lizmapProxy.class.php on line 192, referer: http://localhost/webgis/index.php/view/map/?repository=ws&project=wsedit
[Wed Oct 27 15:29:55.379818 2021] [fcgid:warn] [pid 9508:tid 1056] [client ::1:51612] mod_fcgid: stderr: PHP Fatal error:  Maximum execution time of 30 seconds exceeded in C:\\webserver\\lizmap\\prod\\release_3_3\\lizmap\\vendor\\composer\\ClassLoader.php on line 321, referer: http://localhost/webgis/index.php/view/map/?repository=ws&project=wsedit
[Wed Oct 27 15:29:55.395388 2021] [fcgid:warn] [pid 9508:tid 1008] [client ::1:51614] mod_fcgid: stderr: PHP Fatal error:  Maximum execution time of 30 seconds exceeded in C:\\webserver\\lizmap\\prod\\release_3_3\\lib\\jelix\\core\\jSession.class.php on line 100, referer: http://localhost/webgis/index.php/view/map/?repository=ws&project=wsedit
[Wed Oct 27 15:29:55.395388 2021] [fcgid:warn] [pid 9508:tid 1036] [client ::1:51613] mod_fcgid: stderr: PHP Fatal error:  Maximum execution time of 30 seconds exceeded in C:\\webserver\\lizmap\\prod\\release_3_3\\lib\\jelix\\core\\jSession.class.php on line 100, referer: http://localhost/webgis/index.php/view/map/?repository=ws&project=wsedit
[Wed Oct 27 18:24:05.345469 2021] [fcgid:warn] [pid 4388:tid 1016] [client ::1:51582] mod_fcgid: stderr: PHP Fatal error:  Maximum execution time of 30 seconds exceeded in C:\\webserver\\lizmap\\prod\\release_3_3\\lib\\jelix\\core\\jSession.class.php on line 100, referer: http://localhost/webgis/index.php/view/?repository=ws
[Wed Oct 27 18:24:05.345469 2021] [fcgid:warn] [pid 4388:tid 1028] [client ::1:51575] mod_fcgid: stderr: PHP Fatal error:  Maximum execution time of 30 seconds exceeded in C:\\webserver\\lizmap\\prod\\release_3_3\\lizmap\\vendor\\composer\\ClassLoader.php on line 321, referer: http://localhost/webgis/index.php/view/map/?repository=trial&project=Trial
[Wed Oct 27 18:24:05.345469 2021] [fcgid:warn] [pid 4388:tid 1044] [client ::1:51570] mod_fcgid: stderr: PHP Fatal error:  Maximum execution time of 30 seconds exceeded in C:\\webserver\\lizmap\\prod\\release_3_3\\lizmap\\modules\\lizmap\\classes\\lizmapProxy.class.php on line 192, referer: http://localhost/webgis/index.php/view/map/?repository=trial&project=Trial
[Wed Oct 27 18:24:05.345469 2021] [fcgid:warn] [pid 4388:tid 1052] [client ::1:51573] mod_fcgid: stderr: PHP Fatal error:  Maximum execution time of 30 seconds exceeded in C:\\webserver\\lizmap\\prod\\release_3_3\\lib\\jelix\\core\\jSession.class.php on line 100, referer: http://localhost/webgis/index.php/view/map/?repository=trial&project=Trial
[Wed Oct 27 18:24:05.345469 2021] [fcgid:warn] [pid 4388:tid 1040] [client ::1:51574] mod_fcgid: stderr: PHP Fatal error:  Maximum execution time of 30 seconds exceeded in C:\\webserver\\lizmap\\prod\\release_3_3\\lib\\jelix\\core\\jSession.class.php on line 100, referer: http://localhost/webgis/index.php/view/map/?repository=trial&project=Trial
[Thu Oct 28 15:33:00.619288 2021] [fcgid:warn] [pid 4388:tid 1008] [client ::1:55256] mod_fcgid: stderr: PHP Fatal error:  Maximum execution time of 30 seconds exceeded in C:\\webserver\\lizmap\\prod\\release_3_3\\lizmap\\modules\\view\\classes\\view.listener.php on line 68, referer: http://localhost/webgis/admin.php/admin/config/?auth_url_return=%2Fwebgis%2Fadmin.php%2Fadmin%2Fconfig%2F
[Fri Oct 29 13:54:55.378807 2021] [fcgid:warn] [pid 4388:tid 1008] [client ::1:59845] mod_fcgid: stderr: PHP Fatal error:  Maximum execution time of 30 seconds exceeded in C:\\webserver\\lizmap\\prod\\release_3_3\\temp\\lizmap\\www\\compiled\\templates\\modules\\view\\map_timemanager_html_t_15.php on line 2, referer: http://localhost/webgis/index.php/view/?repository=ws
[Sun Nov 07 12:39:31.304551 2021] [fcgid:warn] [pid 4972:tid 1052] [client ::1:55369] mod_fcgid: stderr: PHP Fatal error:  Maximum execution time of 30 seconds exceeded in C:\\webserver\\lizmap\\prod\\release_3_3\\temp\\lizmap\\www\\compiled\\templates\\modules\\view\\main_html_t_15.php on line 2
[Sun Nov 07 12:42:02.535318 2021] [fcgid:warn] [pid 4972:tid 1016] [client ::1:55454] mod_fcgid: stderr: PHP Fatal error:  Maximum execution time of 30 seconds exceeded in C:\\webserver\\lizmap\\prod\\release_3_3\\lizmap\\modules\\lizmap\\classes\\lizmapProxy.class.php on line 192, referer: http://localhost/webgis/index.php/view/map/?repository=ud&project=udedit
[Sun Nov 07 12:42:02.767990 2021] [fcgid:warn] [pid 4972:tid 1036] [client ::1:55453] mod_fcgid: stderr: PHP Fatal error:  Maximum execution time of 30 seconds exceeded in C:\\webserver\\lizmap\\prod\\release_3_3\\lizmap\\vendor\\composer\\ClassLoader.php on line 321, referer: http://localhost/webgis/index.php/view/map/?repository=ud&project=udedit
[Sun Nov 07 12:42:02.768990 2021] [fcgid:warn] [pid 4972:tid 1000] [client ::1:55448] mod_fcgid: stderr: PHP Fatal error:  Maximum execution time of 30 seconds exceeded in C:\\webserver\\lizmap\\prod\\release_3_3\\lib\\jelix\\core\\jSession.class.php on line 100, referer: http://localhost/webgis/index.php/view/map/?repository=ud&project=udedit
[Sun Nov 07 12:42:02.769993 2021] [fcgid:warn] [pid 4972:tid 1032] [client ::1:55456] mod_fcgid: stderr: PHP Fatal error:  Maximum execution time of 30 seconds exceeded in C:\\webserver\\lizmap\\prod\\release_3_3\\lib\\jelix\\core\\jSession.class.php on line 100, referer: http://localhost/webgis/index.php/view/map/?repository=ud&project=udedit
[Sun Nov 07 13:01:18.444540 2021] [fcgid:warn] [pid 4972:tid 1000] [client ::1:56654] mod_fcgid: stderr: PHP Fatal error:  Maximum execution time of 30 seconds exceeded in C:\\webserver\\lizmap\\prod\\release_3_3\\lizmap\\modules\\lizmap\\classes\\lizmapTiler.class.php on line 211, referer: http://localhost/webgis/index.php/view/map/?repository=ws&project=wsedit
[Sun Nov 07 13:01:18.449526 2021] [fcgid:warn] [pid 4972:tid 984] [client ::1:56655] mod_fcgid: stderr: PHP Fatal error:  Maximum execution time of 30 seconds exceeded in C:\\webserver\\lizmap\\prod\\release_3_3\\lizmap\\vendor\\composer\\ClassLoader.php on line 321, referer: http://localhost/webgis/index.php/view/map/?repository=ws&project=wsedit
[Sun Nov 07 13:01:18.465237 2021] [fcgid:warn] [pid 4972:tid 1036] [client ::1:56652] mod_fcgid: stderr: PHP Fatal error:  Maximum execution time of 30 seconds exceeded in C:\\webserver\\lizmap\\prod\\release_3_3\\lib\\jelix\\core\\jSession.class.php on line 100, referer: http://localhost/webgis/index.php/view/map/?repository=ws&project=wsedit
[Sun Nov 07 13:01:18.465237 2021] [fcgid:warn] [pid 4972:tid 1008] [client ::1:56653] mod_fcgid: stderr: PHP Fatal error:  Maximum execution time of 30 seconds exceeded in C:\\webserver\\lizmap\\prod\\release_3_3\\lib\\jelix\\core\\jSession.class.php on line 100, referer: http://localhost/webgis/index.php/view/map/?repository=ws&project=wsedit
[Sun Nov 07 17:56:09.071819 2021] [fcgid:warn] [pid 4768:tid 1092] [client ::1:49580] mod_fcgid: stderr: PHP Fatal error:  Maximum execution time of 30 seconds exceeded in C:\\webserver\\lizmap\\prod\\release_3_3\\temp\\lizmap\\www\\compiled\\locales\\modules\\jelix~db.en_US.UTF-8.php on line 2, referer: http://localhost/webgis/index.php/view/map/?repository=ws&project=wsedit
[Sun Nov 07 18:01:41.675202 2021] [fcgid:warn] [pid 4768:tid 1056] [client ::1:52845] mod_fcgid: read timeout from pipe, referer: http://localhost/webgis/index.php/view/map/?repository=ws&project=wsedit
[Sun Nov 07 18:01:41.675202 2021] [fcgid:warn] [pid 4768:tid 1048] [client ::1:52851] mod_fcgid: read timeout from pipe, referer: http://localhost/webgis/index.php/view/map/?repository=ws&project=wsedit
[Sun Nov 07 18:01:41.675202 2021] [core:error] [pid 4768:tid 1056] [client ::1:52845] End of script output before headers: index.php, referer: http://localhost/webgis/index.php/view/map/?repository=ws&project=wsedit
[Sun Nov 07 18:01:41.675202 2021] [core:error] [pid 4768:tid 1048] [client ::1:52851] End of script output before headers: index.php, referer: http://localhost/webgis/index.php/view/map/?repository=ws&project=wsedit
[Sun Nov 07 18:01:42.638205 2021] [fcgid:warn] [pid 4768:tid 1036] [client ::1:52862] mod_fcgid: read timeout from pipe
[Sun Nov 07 18:01:42.638205 2021] [core:error] [pid 4768:tid 1036] [client ::1:52862] End of script output before headers: qgis_mapserv.fcgi.exe
[Sun Nov 07 18:01:42.701192 2021] [fcgid:warn] [pid 4768:tid 1052] [client ::1:52850] mod_fcgid: read timeout from pipe, referer: http://localhost/webgis/index.php/view/map/?repository=ws&project=wsedit
[Sun Nov 07 18:01:42.701192 2021] [core:error] [pid 4768:tid 1052] [client ::1:52850] End of script output before headers: index.php, referer: http://localhost/webgis/index.php/view/map/?repository=ws&project=wsedit
[Sun Nov 07 18:01:42.716385 2021] [fcgid:warn] [pid 4768:tid 1092] [client ::1:52853] mod_fcgid: read timeout from pipe, referer: http://localhost/webgis/index.php/view/map/?repository=ud&project=udedit
[Sun Nov 07 18:01:42.716385 2021] [core:error] [pid 4768:tid 1092] [client ::1:52853] End of script output before headers: index.php, referer: http://localhost/webgis/index.php/view/map/?repository=ud&project=udedit
[Sun Nov 07 18:01:42.731752 2021] [fcgid:warn] [pid 4768:tid 1044] [client ::1:52854] mod_fcgid: read timeout from pipe, referer: http://localhost/webgis/index.php/view/map/?repository=ws&project=wsedit
[Sun Nov 07 18:01:42.731752 2021] [fcgid:warn] [pid 4768:tid 1040] [client ::1:52855] mod_fcgid: read timeout from pipe, referer: http://localhost/webgis/index.php/view/map/?repository=ud&project=udedit
[Sun Nov 07 18:01:42.731752 2021] [core:error] [pid 4768:tid 1044] [client ::1:52854] End of script output before headers: index.php, referer: http://localhost/webgis/index.php/view/map/?repository=ws&project=wsedit
[Sun Nov 07 18:01:42.731752 2021] [core:error] [pid 4768:tid 1040] [client ::1:52855] End of script output before headers: index.php, referer: http://localhost/webgis/index.php/view/map/?repository=ud&project=udedit
[Sun Nov 07 18:01:43.250357 2021] [fcgid:warn] [pid 4768:tid 1032] [client ::1:52864] mod_fcgid: stderr: PHP Fatal error:  Maximum execution time of 30 seconds exceeded in C:\\webserver\\lizmap\\prod\\release_3_3\\lib\\jelix\\core\\jSession.class.php on line 100, referer: http://localhost/webgis/index.php/view/map/?repository=ud&project=udedit
[Sun Nov 07 18:01:43.251350 2021] [fcgid:warn] [pid 4768:tid 1028] [client ::1:52865] mod_fcgid: stderr: PHP Fatal error:  Maximum execution time of 30 seconds exceeded in C:\\webserver\\lizmap\\prod\\release_3_3\\lib\\jelix\\core\\jSession.class.php on line 100, referer: http://localhost/webgis/index.php/view/
[Sun Nov 07 18:01:43.252347 2021] [fcgid:warn] [pid 4768:tid 488] [client ::1:52866] mod_fcgid: stderr: PHP Fatal error:  Maximum execution time of 30 seconds exceeded in C:\\webserver\\lizmap\\prod\\release_3_3\\lib\\jelix\\core\\jSession.class.php on line 100, referer: http://localhost/webgis/index.php/view/
[Sun Nov 07 18:01:43.253348 2021] [fcgid:warn] [pid 4768:tid 508] [client ::1:52868] mod_fcgid: stderr: PHP Fatal error:  Maximum execution time of 30 seconds exceeded in C:\\webserver\\lizmap\\prod\\release_3_3\\lib\\jelix\\core\\jSession.class.php on line 100, referer: http://localhost/webgis/index.php/view/
[Sun Nov 07 18:30:48.323453 2021] [fcgid:warn] [pid 4768:tid 1032] [client ::1:53231] mod_fcgid: stderr: PHP Fatal error:  Maximum execution time of 30 seconds exceeded in C:\\webserver\\lizmap\\prod\\release_3_3\\lizmap\\vendor\\composer\\ClassLoader.php on line 321, referer: http://localhost/webgis/index.php/view/map/?repository=ws&project=wsedit
[Sun Nov 07 18:30:48.325439 2021] [fcgid:warn] [pid 4768:tid 1040] [client ::1:53232] mod_fcgid: stderr: PHP Fatal error:  Maximum execution time of 30 seconds exceeded in C:\\webserver\\lizmap\\prod\\release_3_3\\lib\\jelix\\core\\jSession.class.php on line 100, referer: http://localhost/webgis/index.php/view/map/?repository=ws&project=wsedit
[Sun Nov 07 18:30:48.332444 2021] [fcgid:warn] [pid 4768:tid 1028] [client ::1:53230] mod_fcgid: stderr: PHP Fatal error:  Maximum execution time of 30 seconds exceeded in C:\\webserver\\lizmap\\prod\\release_3_3\\lib\\jelix\\core\\jSession.class.php on line 100, referer: http://localhost/webgis/index.php/view/map/?repository=ws&project=wsedit
[Sun Nov 07 18:30:48.335442 2021] [fcgid:warn] [pid 4768:tid 1052] [client ::1:53251] mod_fcgid: stderr: PHP Fatal error:  Maximum execution time of 30 seconds exceeded in C:\\webserver\\lizmap\\prod\\release_3_3\\lib\\jelix\\core\\jSession.class.php on line 100, referer: http://localhost/webgis/index.php/view/
[Sun Nov 07 18:30:48.341454 2021] [fcgid:warn] [pid 4768:tid 508] [client ::1:53229] mod_fcgid: stderr: PHP Fatal error:  Maximum execution time of 30 seconds exceeded in C:\\webserver\\lizmap\\prod\\release_3_3\\lizmap\\modules\\lizmap\\classes\\lizmapProxy.class.php on line 192, referer: http://localhost/webgis/index.php/view/map/?repository=ws&project=wsedit
[Sun Nov 07 18:30:48.390435 2021] [fcgid:warn] [pid 4768:tid 1092] [client ::1:53246] mod_fcgid: stderr: PHP Fatal error:  Maximum execution time of 30 seconds exceeded in C:\\webserver\\lizmap\\prod\\release_3_3\\lib\\jelix\\core\\jSession.class.php on line 100, referer: http://localhost/webgis/index.php/view/
[Sun Nov 07 18:30:48.390435 2021] [fcgid:warn] [pid 4768:tid 488] [client ::1:53227] mod_fcgid: stderr: PHP Fatal error:  Maximum execution time of 30 seconds exceeded in C:\\webserver\\lizmap\\prod\\release_3_3\\lib\\jelix\\core\\jSession.class.php on line 100, referer: http://localhost/webgis/index.php/view/
[Sun Nov 07 18:31:36.180335 2021] [fcgid:warn] [pid 4768:tid 1092] [client ::1:53267] mod_fcgid: stderr: PHP Fatal error:  Maximum execution time of 30 seconds exceeded in C:\\webserver\\lizmap\\prod\\release_3_3\\lizmap\\modules\\lizmap\\classes\\lizmapProxy.class.php on line 192, referer: http://localhost/webgis/index.php/view/map/?repository=ud&project=udedit
[Sun Nov 07 18:31:36.182334 2021] [fcgid:warn] [pid 4768:tid 508] [client ::1:53266] mod_fcgid: stderr: PHP Fatal error:  Maximum execution time of 30 seconds exceeded in C:\\webserver\\lizmap\\prod\\release_3_3\\lizmap\\vendor\\composer\\ClassLoader.php on line 321, referer: http://localhost/webgis/index.php/view/map/?repository=ud&project=udedit
[Sun Nov 07 18:31:36.184333 2021] [fcgid:warn] [pid 4768:tid 1056] [client ::1:53263] mod_fcgid: stderr: PHP Fatal error:  Maximum execution time of 30 seconds exceeded in C:\\webserver\\lizmap\\prod\\release_3_3\\lib\\jelix\\core\\jSession.class.php on line 100, referer: http://localhost/webgis/index.php/view/map/?repository=ws&project=wsedit
[Sun Nov 07 18:31:36.185336 2021] [fcgid:warn] [pid 4768:tid 1052] [client ::1:53268] mod_fcgid: stderr: PHP Fatal error:  Maximum execution time of 30 seconds exceeded in C:\\webserver\\lizmap\\prod\\release_3_3\\lib\\jelix\\core\\jSession.class.php on line 100, referer: http://localhost/webgis/index.php/view/map/?repository=ud&project=udedit
[Sun Nov 07 18:31:36.188337 2021] [fcgid:warn] [pid 4768:tid 1040] [client ::1:53269] mod_fcgid: stderr: PHP Fatal error:  Maximum execution time of 30 seconds exceeded in C:\\webserver\\lizmap\\prod\\release_3_3\\lib\\jelix\\core\\jSession.class.php on line 100, referer: http://localhost/webgis/index.php/view/map/?repository=ud&project=udedit
[Sun Nov 07 18:31:36.190335 2021] [fcgid:warn] [pid 4768:tid 1028] [client ::1:53270] mod_fcgid: stderr: PHP Fatal error:  Maximum execution time of 30 seconds exceeded in C:\\webserver\\lizmap\\prod\\release_3_3\\lib\\jelix\\core\\jSession.class.php on line 100, referer: http://localhost/webgis/index.php/view/
[Sun Nov 07 18:32:18.062260 2021] [fcgid:warn] [pid 4768:tid 1056] [client ::1:53323] mod_fcgid: stderr: PHP Fatal error:  Maximum execution time of 30 seconds exceeded in C:\\webserver\\lizmap\\prod\\release_3_3\\lib\\jelix\\core\\response\\jResponseBinary.class.php on line 97, referer: http://localhost/webgis/index.php/view/map/?repository=ws&project=wsedit
[Sun Nov 07 18:32:19.294584 2021] [fcgid:warn] [pid 4768:tid 1040] [client ::1:53301] mod_fcgid: stderr: PHP Fatal error:  Maximum execution time of 30 seconds exceeded in C:\\webserver\\lizmap\\prod\\release_3_3\\lib\\jelix\\core\\response\\jResponseBinary.class.php on line 97, referer: http://localhost/webgis/index.php/view/map/?repository=ws&project=wsedit
[Tue Nov 09 21:38:08.892162 2021] [fcgid:warn] [pid 4448:tid 1044] [client ::1:53613] mod_fcgid: stderr: PHP Fatal error:  Maximum execution time of 30 seconds exceeded in C:\\webserver\\lizmap\\prod\\release_3_3\\lib\\jelix\\core\\jSession.class.php on line 100, referer: http://localhost/webgis/index.php/view/map/?repository=ws&project=wsedit
[Tue Nov 09 21:38:08.892162 2021] [fcgid:warn] [pid 4448:tid 1040] [client ::1:53614] mod_fcgid: stderr: PHP Fatal error:  Maximum execution time of 30 seconds exceeded in C:\\webserver\\lizmap\\prod\\release_3_3\\lizmap\\modules\\lizmap\\classes\\lizmapProxy.class.php on line 192, referer: http://localhost/webgis/index.php/view/map/?repository=ws&project=wsedit
[Tue Nov 09 21:38:08.892162 2021] [fcgid:warn] [pid 4448:tid 1072] [client ::1:53602] mod_fcgid: stderr: PHP Fatal error:  Maximum execution time of 30 seconds exceeded in C:\\webserver\\lizmap\\prod\\release_3_3\\lib\\jelix\\core\\jSession.class.php on line 100, referer: http://localhost/webgis/index.php/view/map/?repository=ws&project=wsedit
[Tue Nov 09 21:38:08.892162 2021] [fcgid:warn] [pid 4448:tid 1052] [client ::1:53611] mod_fcgid: stderr: PHP Fatal error:  Maximum execution time of 30 seconds exceeded in C:\\webserver\\lizmap\\prod\\release_3_3\\lizmap\\vendor\\composer\\ClassLoader.php on line 321, referer: http://localhost/webgis/index.php/view/map/?repository=ws&project=wsedit
[Wed Nov 10 05:49:48.745602 2021] [fcgid:warn] [pid 3320:tid 1044] [client ::1:64359] mod_fcgid: stderr: PHP Fatal error:  Maximum execution time of 30 seconds exceeded in C:\\webserver\\lizmap\\prod\\release_3_3\\lib\\jelix\\forms\\controls\\jFormsControlSwitch.class.php on line 31
[Wed Nov 10 06:01:58.338431 2021] [fcgid:warn] [pid 5280:tid 1052] [client ::1:54829] mod_fcgid: stderr: PHP Fatal error:  Maximum execution time of 30 seconds exceeded in C:\\webserver\\lizmap\\prod\\release_3_3\\lib\\jelix\\core\\jSession.class.php on line 100, referer: http://localhost/webgis/
[Wed Nov 10 06:04:57.541102 2021] [fcgid:warn] [pid 5280:tid 1052] [client ::1:54913] mod_fcgid: read timeout from pipe, referer: http://localhost/webgis/index.php/view/map/?repository=ws&project=wsedit
[Wed Nov 10 06:04:57.541102 2021] [fcgid:warn] [pid 5280:tid 1060] [client ::1:54915] mod_fcgid: read timeout from pipe, referer: http://localhost/webgis/index.php/view/map/?repository=ud&project=udedit
[Wed Nov 10 06:04:57.541102 2021] [core:error] [pid 5280:tid 1060] [client ::1:54915] End of script output before headers: index.php, referer: http://localhost/webgis/index.php/view/map/?repository=ud&project=udedit
[Wed Nov 10 06:04:57.541102 2021] [fcgid:warn] [pid 5280:tid 1040] [client ::1:54916] mod_fcgid: read timeout from pipe, referer: http://localhost/webgis/index.php/view/map/?repository=ud&project=udedit
[Wed Nov 10 06:04:57.541440 2021] [core:error] [pid 5280:tid 1040] [client ::1:54916] End of script output before headers: index.php, referer: http://localhost/webgis/index.php/view/map/?repository=ud&project=udedit
[Wed Nov 10 06:04:57.541102 2021] [core:error] [pid 5280:tid 1052] [client ::1:54913] End of script output before headers: index.php, referer: http://localhost/webgis/index.php/view/map/?repository=ws&project=wsedit
[Wed Nov 10 06:04:58.885950 2021] [fcgid:warn] [pid 5280:tid 1048] [client ::1:54919] mod_fcgid: read timeout from pipe, referer: http://localhost/webgis/index.php/view/map/?repository=ud&project=udedit
[Wed Nov 10 06:04:58.885950 2021] [fcgid:warn] [pid 5280:tid 1044] [client ::1:54917] mod_fcgid: read timeout from pipe, referer: http://localhost/webgis/index.php/view/map/?repository=ws&project=wsedit
[Wed Nov 10 06:04:58.885950 2021] [core:error] [pid 5280:tid 1048] [client ::1:54919] End of script output before headers: index.php, referer: http://localhost/webgis/index.php/view/map/?repository=ud&project=udedit
[Wed Nov 10 06:04:58.885950 2021] [core:error] [pid 5280:tid 1044] [client ::1:54917] End of script output before headers: index.php, referer: http://localhost/webgis/index.php/view/map/?repository=ws&project=wsedit
[Wed Nov 10 06:04:58.901947 2021] [fcgid:warn] [pid 5280:tid 1056] [client ::1:54918] mod_fcgid: read timeout from pipe, referer: http://localhost/webgis/index.php/view/map/?repository=ud&project=udedit
[Wed Nov 10 06:04:58.902188 2021] [core:error] [pid 5280:tid 1056] [client ::1:54918] End of script output before headers: index.php, referer: http://localhost/webgis/index.php/view/map/?repository=ud&project=udedit
[Wed Nov 10 06:05:03.013307 2021] [fcgid:warn] [pid 5280:tid 1036] [client ::1:54925] mod_fcgid: read timeout from pipe
[Wed Nov 10 06:05:03.013307 2021] [core:error] [pid 5280:tid 1036] [client ::1:54925] End of script output before headers: qgis_mapserv.fcgi.exe
[Wed Nov 10 06:05:03.140303 2021] [fcgid:warn] [pid 5280:tid 1032] [client ::1:54931] mod_fcgid: stderr: PHP Fatal error:  Maximum execution time of 30 seconds exceeded in C:\\webserver\\lizmap\\prod\\release_3_3\\lib\\jelix\\core\\jSession.class.php on line 100, referer: http://localhost/webgis/index.php/view/map/?repository=ws&project=wsedit
[Wed Nov 10 06:05:03.141306 2021] [fcgid:warn] [pid 5280:tid 480] [client ::1:54933] mod_fcgid: stderr: PHP Fatal error:  Maximum execution time of 30 seconds exceeded in C:\\webserver\\lizmap\\prod\\release_3_3\\lib\\jelix\\core\\jSession.class.php on line 100, referer: http://localhost/webgis/
[Wed Nov 10 06:05:03.142306 2021] [fcgid:warn] [pid 5280:tid 1028] [client ::1:54935] mod_fcgid: stderr: PHP Fatal error:  Maximum execution time of 30 seconds exceeded in C:\\webserver\\lizmap\\prod\\release_3_3\\lib\\jelix\\core\\jSession.class.php on line 100, referer: http://localhost/webgis/
[Wed Nov 10 06:16:38.137970 2021] [fcgid:warn] [pid 5280:tid 1036] [client ::1:55144] mod_fcgid: stderr: PHP Fatal error:  Maximum execution time of 30 seconds exceeded in C:\\webserver\\lizmap\\prod\\release_3_3\\lizmap\\modules\\lizmap\\classes\\lizmapProxy.class.php on line 192, referer: http://localhost/webgis/index.php/view/map/?repository=ud&project=udedit
[Wed Nov 10 06:16:38.211574 2021] [fcgid:warn] [pid 5280:tid 1028] [client ::1:55134] mod_fcgid: stderr: PHP Fatal error:  Maximum execution time of 30 seconds exceeded in C:\\webserver\\lizmap\\prod\\release_3_3\\lizmap\\vendor\\composer\\ClassLoader.php on line 321, referer: http://localhost/webgis/index.php/view/map/?repository=ud&project=udedit
[Wed Nov 10 06:16:38.212600 2021] [fcgid:warn] [pid 5280:tid 480] [client ::1:55137] mod_fcgid: stderr: PHP Fatal error:  Maximum execution time of 30 seconds exceeded in C:\\webserver\\lizmap\\prod\\release_3_3\\lib\\jelix\\core\\jSession.class.php on line 100, referer: http://localhost/webgis/index.php/view/map/?repository=ud&project=udedit
[Wed Nov 10 06:16:49.074981 2021] [fcgid:warn] [pid 5280:tid 1048] [client ::1:55147] mod_fcgid: stderr: PHP Fatal error:  Maximum execution time of 30 seconds exceeded in C:\\webserver\\lizmap\\prod\\release_3_3\\lizmap\\modules\\lizmap\\classes\\lizmapProxy.class.php on line 192, referer: http://localhost/webgis/index.php/view/map/?repository=ws&project=wsedit
[Wed Nov 10 06:16:49.074981 2021] [fcgid:warn] [pid 5280:tid 1056] [client ::1:55146] mod_fcgid: stderr: PHP Fatal error:  Maximum execution time of 30 seconds exceeded in C:\\webserver\\lizmap\\prod\\release_3_3\\lib\\jelix\\core\\jSession.class.php on line 100, referer: http://localhost/webgis/index.php/view/map/?repository=ws&project=wsedit
[Fri Nov 19 17:29:13.087697 2021] [fcgid:warn] [pid 4352:tid 1040] [client ::1:59803] mod_fcgid: read timeout from pipe, referer: http://localhost/webgis/index.php/view/map/?repository=ws&project=wsedit
[Fri Nov 19 17:29:13.273173 2021] [core:error] [pid 4352:tid 1040] [client ::1:59803] End of script output before headers: index.php, referer: http://localhost/webgis/index.php/view/map/?repository=ws&project=wsedit
[Fri Nov 19 17:29:18.040978 2021] [fcgid:warn] [pid 4352:tid 1052] [client ::1:59805] mod_fcgid: read timeout from pipe, referer: http://localhost/webgis/index.php/view/map/?repository=ws&project=wsedit
[Fri Nov 19 17:29:18.040978 2021] [core:error] [pid 4352:tid 1052] [client ::1:59805] End of script output before headers: index.php, referer: http://localhost/webgis/index.php/view/map/?repository=ws&project=wsedit
[Fri Nov 19 17:29:23.043558 2021] [fcgid:warn] [pid 4352:tid 1044] [client ::1:59807] mod_fcgid: read timeout from pipe, referer: http://localhost/webgis/index.php/view/map/?repository=ws&project=wsedit
[Fri Nov 19 17:29:23.043558 2021] [core:error] [pid 4352:tid 1044] [client ::1:59807] End of script output before headers: index.php, referer: http://localhost/webgis/index.php/view/map/?repository=ws&project=wsedit
[Fri Nov 19 17:29:25.269354 2021] [fcgid:warn] [pid 4352:tid 1048] [client ::1:59806] mod_fcgid: read timeout from pipe, referer: http://localhost/webgis/index.php/view/map/?repository=ws&project=wsedit
[Fri Nov 19 17:29:25.269354 2021] [core:error] [pid 4352:tid 1048] [client ::1:59806] End of script output before headers: index.php, referer: http://localhost/webgis/index.php/view/map/?repository=ws&project=wsedit
[Fri Nov 19 17:29:25.755354 2021] [fcgid:warn] [pid 4352:tid 1056] [client ::1:59821] mod_fcgid: stderr: PHP Fatal error:  Maximum execution time of 30 seconds exceeded in C:\\webserver\\lizmap\\prod\\release_3_3\\lib\\jelix\\core\\jSession.class.php on line 100
[Fri Nov 19 17:29:25.755354 2021] [fcgid:warn] [pid 4352:tid 1036] [client ::1:59822] mod_fcgid: stderr: PHP Fatal error:  Maximum execution time of 30 seconds exceeded in C:\\webserver\\lizmap\\prod\\release_3_3\\lib\\jelix\\core\\jSession.class.php on line 100
[Fri Nov 19 17:29:25.757355 2021] [fcgid:warn] [pid 4352:tid 1032] [client ::1:59823] mod_fcgid: stderr: PHP Fatal error:  Maximum execution time of 30 seconds exceeded in C:\\webserver\\lizmap\\prod\\release_3_3\\lib\\jelix\\core\\jSession.class.php on line 100
[Fri Nov 19 17:29:25.758356 2021] [fcgid:warn] [pid 4352:tid 1028] [client ::1:59829] mod_fcgid: stderr: PHP Fatal error:  Maximum execution time of 30 seconds exceeded in C:\\webserver\\lizmap\\prod\\release_3_3\\lib\\jelix\\core\\jSession.class.php on line 100
[Fri Nov 19 17:29:25.758356 2021] [fcgid:warn] [pid 4352:tid 1016] [client ::1:59832] mod_fcgid: stderr: PHP Fatal error:  Maximum execution time of 30 seconds exceeded in C:\\webserver\\lizmap\\prod\\release_3_3\\lib\\jelix\\core\\jSession.class.php on line 100
[Fri Nov 19 17:29:25.759364 2021] [fcgid:warn] [pid 4352:tid 1020] [client ::1:59833] mod_fcgid: stderr: PHP Fatal error:  Maximum execution time of 30 seconds exceeded in C:\\webserver\\lizmap\\prod\\release_3_3\\lib\\jelix\\core\\jSession.class.php on line 100
[Fri Nov 19 17:29:27.373258 2021] [fcgid:warn] [pid 4352:tid 1060] [client ::1:59820] mod_fcgid: read timeout from pipe
[Fri Nov 19 17:29:27.373258 2021] [core:error] [pid 4352:tid 1060] [client ::1:59820] End of script output before headers: qgis_mapserv.fcgi.exe
[Fri Nov 19 17:29:34.015505 2021] [fcgid:warn] [pid 4352:tid 1012] [client ::1:59835] mod_fcgid: stderr: PHP Fatal error:  Maximum execution time of 30 seconds exceeded in C:\\webserver\\lizmap\\prod\\release_3_3\\lib\\jelix\\plugins\\tpl\\html\\function.hook.php on line 56
[Fri Nov 19 17:32:10.892237 2021] [fcgid:warn] [pid 4352:tid 1060] [client ::1:59848] mod_fcgid: read timeout from pipe, referer: http://localhost/webgis/index.php/view/map/?repository=ws&project=wsedit
[Fri Nov 19 17:32:10.908234 2021] [fcgid:warn] [pid 4352:tid 1020] [client ::1:59850] mod_fcgid: read timeout from pipe, referer: http://localhost/webgis/index.php/view/map/?repository=ws&project=wsedit
[Fri Nov 19 17:32:10.908234 2021] [fcgid:warn] [pid 4352:tid 1012] [client ::1:59849] mod_fcgid: read timeout from pipe, referer: http://localhost/webgis/index.php/view/map/?repository=ws&project=wsedit
[Fri Nov 19 17:32:10.917229 2021] [core:error] [pid 4352:tid 1020] [client ::1:59850] End of script output before headers: index.php, referer: http://localhost/webgis/index.php/view/map/?repository=ws&project=wsedit
[Fri Nov 19 17:32:10.917229 2021] [core:error] [pid 4352:tid 1060] [client ::1:59848] End of script output before headers: index.php, referer: http://localhost/webgis/index.php/view/map/?repository=ws&project=wsedit
[Fri Nov 19 17:32:10.946239 2021] [core:error] [pid 4352:tid 1012] [client ::1:59849] End of script output before headers: index.php, referer: http://localhost/webgis/index.php/view/map/?repository=ws&project=wsedit
[Fri Nov 19 17:32:10.987235 2021] [fcgid:warn] [pid 4352:tid 1036] [client ::1:59851] mod_fcgid: read timeout from pipe, referer: http://localhost/webgis/index.php/view/map/?repository=ws&project=wsedit
[Fri Nov 19 17:32:10.987235 2021] [core:error] [pid 4352:tid 1036] [client ::1:59851] End of script output before headers: index.php, referer: http://localhost/webgis/index.php/view/map/?repository=ws&project=wsedit
[Fri Nov 19 17:32:18.174116 2021] [fcgid:warn] [pid 4352:tid 1016] [client ::1:59858] mod_fcgid: stderr: PHP Fatal error:  Maximum execution time of 30 seconds exceeded in C:\\webserver\\lizmap\\prod\\release_3_3\\lizmap\\vendor\\composer\\ClassLoader.php on line 321
[Fri Nov 19 17:32:18.174116 2021] [fcgid:warn] [pid 4352:tid 1028] [client ::1:59859] mod_fcgid: stderr: PHP Fatal error:  Maximum execution time of 30 seconds exceeded in C:\\webserver\\lizmap\\prod\\release_3_3\\lib\\jelix\\core\\jSession.class.php on line 100
[Fri Nov 19 17:32:18.175115 2021] [fcgid:warn] [pid 4352:tid 1048] [client ::1:59863] mod_fcgid: stderr: PHP Fatal error:  Maximum execution time of 30 seconds exceeded in C:\\webserver\\lizmap\\prod\\release_3_3\\lib\\jelix\\core\\jSession.class.php on line 100
[Fri Nov 19 17:32:20.232834 2021] [fcgid:warn] [pid 4352:tid 1032] [client ::1:59857] mod_fcgid: read timeout from pipe
[Fri Nov 19 17:32:20.233884 2021] [core:error] [pid 4352:tid 1032] [client ::1:59857] End of script output before headers: qgis_mapserv.fcgi.exe
[Fri Nov 19 17:34:28.373517 2021] [fcgid:warn] [pid 4352:tid 1028] [client ::1:59871] mod_fcgid: stderr: PHP Fatal error:  Maximum execution time of 30 seconds exceeded in C:\\webserver\\lizmap\\prod\\release_3_3\\lizmap\\vendor\\composer\\ClassLoader.php on line 321, referer: http://localhost/webgis/index.php/view/map/?repository=ws&project=wsedit
[Fri Nov 19 17:34:28.374537 2021] [fcgid:warn] [pid 4352:tid 1032] [client ::1:59870] mod_fcgid: stderr: PHP Fatal error:  Maximum execution time of 30 seconds exceeded in C:\\webserver\\lizmap\\prod\\release_3_3\\lib\\jelix\\core\\jSession.class.php on line 100, referer: http://localhost/webgis/index.php/view/map/?repository=ws&project=wsedit
[Fri Nov 19 17:34:28.375543 2021] [fcgid:warn] [pid 4352:tid 1016] [client ::1:59872] mod_fcgid: stderr: PHP Fatal error:  Maximum execution time of 30 seconds exceeded in C:\\webserver\\lizmap\\prod\\release_3_3\\lib\\jelix\\core\\jSession.class.php on line 100, referer: http://localhost/webgis/index.php/view/map/?repository=ws&project=wsedit
[Fri Nov 19 17:34:28.376534 2021] [fcgid:warn] [pid 4352:tid 1020] [client ::1:59880] mod_fcgid: stderr: PHP Fatal error:  Maximum execution time of 30 seconds exceeded in C:\\webserver\\lizmap\\prod\\release_3_3\\lib\\jelix\\core\\jSession.class.php on line 100
[Fri Nov 19 17:34:28.376534 2021] [fcgid:warn] [pid 4352:tid 1048] [client ::1:59869] mod_fcgid: stderr: PHP Fatal error:  Maximum execution time of 30 seconds exceeded in C:\\webserver\\lizmap\\prod\\release_3_3\\lizmap\\modules\\lizmap\\classes\\lizmapProxy.class.php on line 192, referer: http://localhost/webgis/index.php/view/map/?repository=ws&project=wsedit
[Fri Nov 19 17:36:58.987686 2021] [fcgid:warn] [pid 4352:tid 1020] [client ::1:60468] mod_fcgid: stderr: PHP Fatal error:  Maximum execution time of 30 seconds exceeded in C:\\webserver\\lizmap\\prod\\release_3_3\\lizmap\\vendor\\composer\\ClassLoader.php on line 321, referer: http://localhost/webgis/index.php/view/map/?repository=ws&project=wsedit
[Fri Nov 19 17:37:03.584891 2021] [fcgid:warn] [pid 4352:tid 1044] [client ::1:60552] mod_fcgid: stderr: PHP Fatal error:  Maximum execution time of 30 seconds exceeded in C:\\webserver\\lizmap\\prod\\release_3_3\\temp\\lizmap\\www\\compiled\\templates\\modules\\view\\map_draw_html_t_15.php on line 2
[Fri Nov 19 17:41:48.257468 2021] [fcgid:warn] [pid 4352:tid 1052] [client ::1:60798] mod_fcgid: stderr: PHP Fatal error:  Maximum execution time of 30 seconds exceeded in C:\\webserver\\lizmap\\prod\\release_3_3\\lizmap\\modules\\lizmap\\classes\\lizmapProxy.class.php on line 192, referer: http://localhost/webgis/index.php/view/map/?repository=ws&project=wsedit
[Fri Nov 19 17:41:48.534801 2021] [fcgid:warn] [pid 4352:tid 1044] [client ::1:60795] mod_fcgid: stderr: PHP Fatal error:  Maximum execution time of 30 seconds exceeded in C:\\webserver\\lizmap\\prod\\release_3_3\\lib\\jelix\\core\\jSession.class.php on line 100, referer: http://localhost/webgis/index.php/view/map/?repository=ws&project=wsedit
[Fri Nov 19 17:41:48.535801 2021] [fcgid:warn] [pid 4352:tid 1028] [client ::1:60794] mod_fcgid: stderr: PHP Fatal error:  Maximum execution time of 30 seconds exceeded in C:\\webserver\\lizmap\\prod\\release_3_3\\lizmap\\vendor\\composer\\ClassLoader.php on line 321, referer: http://localhost/webgis/index.php/view/map/?repository=ws&project=wsedit
[Fri Nov 19 17:41:48.536803 2021] [fcgid:warn] [pid 4352:tid 1060] [client ::1:60797] mod_fcgid: stderr: PHP Fatal error:  Maximum execution time of 30 seconds exceeded in C:\\webserver\\lizmap\\prod\\release_3_3\\lib\\jelix\\core\\jSession.class.php on line 100, referer: http://localhost/webgis/index.php/view/map/?repository=ws&project=wsedit
[Fri Nov 19 17:41:48.569792 2021] [fcgid:warn] [pid 4352:tid 1020] [client ::1:60796] mod_fcgid: stderr: PHP Fatal error:  Maximum execution time of 30 seconds exceeded in C:\\webserver\\lizmap\\prod\\release_3_3\\lib\\jelix\\core\\jSession.class.php on line 100, referer: http://localhost/webgis/index.php/view/map/?repository=ws&project=wsedit
[Fri Nov 19 17:41:48.571791 2021] [fcgid:warn] [pid 4352:tid 1040] [client ::1:60793] mod_fcgid: stderr: PHP Fatal error:  Maximum execution time of 30 seconds exceeded in C:\\webserver\\lizmap\\prod\\release_3_3\\lib\\jelix\\core\\jSession.class.php on line 100, referer: http://localhost/webgis/index.php/view/map/?repository=ws&project=wsedit
[Fri Nov 19 17:45:06.075502 2021] [fcgid:warn] [pid 4352:tid 1052] [client ::1:60883] mod_fcgid: stderr: PHP Fatal error:  Maximum execution time of 30 seconds exceeded in C:\\webserver\\lizmap\\prod\\release_3_3\\lib\\jelix\\tpl\\jTpl.class.php on line 384, referer: http://localhost/webgis/index.php/view/map/?repository=ws&project=wsedit
[Fri Nov 19 18:08:06.767667 2021] [fcgid:warn] [pid 4352:tid 1040] [client ::1:61615] mod_fcgid: stderr: PHP Fatal error:  Maximum execution time of 30 seconds exceeded in C:\\webserver\\lizmap\\prod\\release_3_3\\lib\\jelix-plugins\\cache\\file\\file.cache.php on line 302
[Fri Nov 19 18:31:48.369526 2021] [fcgid:warn] [pid 4768:tid 1036] [client ::1:59155] mod_fcgid: stderr: PHP Fatal error:  Maximum execution time of 30 seconds exceeded in C:\\webserver\\lizmap\\prod\\release_3_3\\lib\\jelix\\core\\jSession.class.php on line 100, referer: http://localhost/webgis/index.php/view/map/?repository=ws&project=wsedit
[Fri Nov 19 18:31:48.368526 2021] [fcgid:warn] [pid 4768:tid 1028] [client ::1:59156] mod_fcgid: stderr: PHP Fatal error:  Maximum execution time of 30 seconds exceeded in C:\\webserver\\lizmap\\prod\\release_3_3\\lizmap\\vendor\\composer\\ClassLoader.php on line 321, referer: http://localhost/webgis/index.php/view/map/?repository=ws&project=wsedit
[Fri Nov 19 18:31:48.371527 2021] [fcgid:warn] [pid 4768:tid 1044] [client ::1:59154] mod_fcgid: stderr: PHP Fatal error:  Maximum execution time of 30 seconds exceeded in C:\\webserver\\lizmap\\prod\\release_3_3\\lib\\jelix\\core\\jSession.class.php on line 100, referer: http://localhost/webgis/index.php/view/map/?repository=ws&project=wsedit
[Fri Nov 19 18:31:48.367521 2021] [fcgid:warn] [pid 4768:tid 1052] [client ::1:59091] mod_fcgid: stderr: PHP Fatal error:  Maximum execution time of 30 seconds exceeded in C:\\webserver\\lizmap\\prod\\release_3_3\\lizmap\\modules\\lizmap\\classes\\lizmapProxy.class.php on line 192, referer: http://localhost/webgis/index.php/view/map/?repository=ws&project=wsedit
[Wed Nov 24 07:57:24.804144 2021] [fcgid:warn] [pid 4768:tid 1048] [client ::1:64210] mod_fcgid: stderr: PHP Fatal error:  Maximum execution time of 30 seconds exceeded in C:\\webserver\\lizmap\\prod\\release_3_3\\lizmap\\modules\\lizmap\\classes\\lizmapProxy.class.php on line 192, referer: http://localhost/webgis/index.php/view/map/?repository=ws&project=wsedit
[Wed Nov 24 07:57:24.812151 2021] [fcgid:warn] [pid 4768:tid 1052] [client ::1:64207] mod_fcgid: stderr: PHP Fatal error:  Maximum execution time of 30 seconds exceeded in C:\\webserver\\lizmap\\prod\\release_3_3\\lizmap\\vendor\\composer\\ClassLoader.php on line 321, referer: http://localhost/webgis/index.php/view/map/?repository=ws&project=wsedit
[Wed Nov 24 07:57:24.813149 2021] [fcgid:warn] [pid 4768:tid 1044] [client ::1:64211] mod_fcgid: stderr: PHP Fatal error:  Maximum execution time of 30 seconds exceeded in C:\\webserver\\lizmap\\prod\\release_3_3\\lib\\jelix\\core\\jSession.class.php on line 100, referer: http://localhost/webgis/index.php/view/map/?repository=ws&project=wsedit
[Wed Nov 24 07:57:24.815147 2021] [fcgid:warn] [pid 4768:tid 1040] [client ::1:64212] mod_fcgid: stderr: PHP Fatal error:  Maximum execution time of 30 seconds exceeded in C:\\webserver\\lizmap\\prod\\release_3_3\\lib\\jelix\\core\\jSession.class.php on line 100, referer: http://localhost/webgis/index.php/view/map/?repository=ws&project=wsedit
[Thu Dec 02 22:04:05.021022 2021] [fcgid:warn] [pid 4908:tid 392] [client ::1:53430] mod_fcgid: stderr: PHP Fatal error:  Maximum execution time of 30 seconds exceeded in C:\\webserver\\lizmap\\prod\\release_3_3\\lizmap\\modules\\lizmap\\classes\\lizmapProxy.class.php on line 192, referer: http://localhost/webgis/index.php/view/map/?repository=ws&project=wsedit
[Thu Dec 02 22:04:05.052021 2021] [fcgid:warn] [pid 4908:tid 1036] [client ::1:53427] mod_fcgid: stderr: PHP Fatal error:  Maximum execution time of 30 seconds exceeded in C:\\webserver\\lizmap\\prod\\release_3_3\\lizmap\\vendor\\composer\\ClassLoader.php on line 321, referer: http://localhost/webgis/index.php/view/map/?repository=ws&project=wsedit
[Thu Dec 02 22:04:05.055011 2021] [fcgid:warn] [pid 4908:tid 1052] [client ::1:53422] mod_fcgid: stderr: PHP Fatal error:  Maximum execution time of 30 seconds exceeded in C:\\webserver\\lizmap\\prod\\release_3_3\\lib\\jelix\\core\\jSession.class.php on line 100, referer: http://localhost/webgis/index.php/view/map/?repository=ws&project=wsedit
[Thu Dec 02 22:04:05.056090 2021] [fcgid:warn] [pid 4908:tid 1044] [client ::1:53423] mod_fcgid: stderr: PHP Fatal error:  Maximum execution time of 30 seconds exceeded in C:\\webserver\\lizmap\\prod\\release_3_3\\lib\\jelix\\core\\jSession.class.php on line 100, referer: http://localhost/webgis/index.php/view/map/?repository=ws&project=wsedit
[Sun Dec 05 20:02:39.191123 2021] [fcgid:warn] [pid 5036:tid 1028] [client ::1:51211] mod_fcgid: stderr: PHP Fatal error:  Maximum execution time of 30 seconds exceeded in C:\\webserver\\lizmap\\prod\\release_3_3\\lizmap\\modules\\lizmap\\classes\\lizmapProxy.class.php on line 192, referer: http://localhost/webgis/index.php/view/map/?repository=ws&project=wsedit
[Sun Dec 05 20:02:39.211118 2021] [fcgid:warn] [pid 5036:tid 1044] [client ::1:51296] mod_fcgid: stderr: PHP Fatal error:  Maximum execution time of 30 seconds exceeded in C:\\webserver\\lizmap\\prod\\release_3_3\\lizmap\\vendor\\composer\\ClassLoader.php on line 321, referer: http://localhost/webgis/index.php/view/map/?repository=ws&project=wsedit
[Sun Dec 05 20:02:39.212125 2021] [fcgid:warn] [pid 5036:tid 1056] [client ::1:51252] mod_fcgid: stderr: PHP Fatal error:  Maximum execution time of 30 seconds exceeded in C:\\webserver\\lizmap\\prod\\release_3_3\\lib\\jelix\\core\\jSession.class.php on line 100, referer: http://localhost/webgis/index.php/view/map/?repository=ws&project=wsedit
[Sun Dec 05 20:02:39.214124 2021] [fcgid:warn] [pid 5036:tid 1040] [client ::1:51295] mod_fcgid: stderr: PHP Fatal error:  Maximum execution time of 30 seconds exceeded in C:\\webserver\\lizmap\\prod\\release_3_3\\lib\\jelix\\core\\jSession.class.php on line 100, referer: http://localhost/webgis/index.php/view/map/?repository=ws&project=wsedit
[Thu Dec 09 13:23:43.369972 2021] [fcgid:warn] [pid 4780:tid 1008] [client ::1:64443] mod_fcgid: stderr: PHP Fatal error:  Maximum execution time of 30 seconds exceeded in C:\\webserver\\lizmap\\prod\\release_3_3\\lizmap\\modules\\lizmap\\classes\\lizmapProxy.class.php on line 192, referer: http://localhost/webgis/index.php/view/map/?repository=ud&project=udedit
[Thu Dec 09 13:23:43.370972 2021] [fcgid:warn] [pid 4780:tid 1028] [client ::1:64441] mod_fcgid: stderr: PHP Fatal error:  Maximum execution time of 30 seconds exceeded in C:\\webserver\\lizmap\\prod\\release_3_3\\lizmap\\vendor\\composer\\ClassLoader.php on line 321, referer: http://localhost/webgis/index.php/view/map/?repository=ud&project=udedit
[Thu Dec 09 13:23:43.371976 2021] [fcgid:warn] [pid 4780:tid 1044] [client ::1:64435] mod_fcgid: stderr: PHP Fatal error:  Maximum execution time of 30 seconds exceeded in C:\\webserver\\lizmap\\prod\\release_3_3\\lib\\jelix\\core\\jSession.class.php on line 100, referer: http://localhost/webgis/index.php/view/map/?repository=ud&project=udedit
[Thu Dec 09 13:23:43.373974 2021] [fcgid:warn] [pid 4780:tid 1020] [client ::1:64442] mod_fcgid: stderr: PHP Fatal error:  Maximum execution time of 30 seconds exceeded in C:\\webserver\\lizmap\\prod\\release_3_3\\lib\\jelix\\core\\jSession.class.php on line 100, referer: http://localhost/webgis/index.php/view/map/?repository=ud&project=udedit
[Thu Dec 09 18:27:14.952170 2021] [fcgid:warn] [pid 5416:tid 1052] [client ::1:58822] mod_fcgid: stderr: PHP Fatal error:  Maximum execution time of 30 seconds exceeded in C:\\webserver\\lizmap\\prod\\release_3_3\\lizmap\\modules\\lizmap\\classes\\lizmapProxy.class.php on line 192, referer: http://localhost/webgis/index.php/view/map/?repository=ws&project=wsedit
[Thu Dec 09 18:27:14.974105 2021] [fcgid:warn] [pid 5416:tid 1044] [client ::1:58823] mod_fcgid: stderr: PHP Fatal error:  Maximum execution time of 30 seconds exceeded in C:\\webserver\\lizmap\\prod\\release_3_3\\lizmap\\vendor\\composer\\ClassLoader.php on line 321, referer: http://localhost/webgis/index.php/view/map/?repository=ws&project=wsedit
[Thu Dec 09 18:27:14.975103 2021] [fcgid:warn] [pid 5416:tid 1036] [client ::1:58829] mod_fcgid: stderr: PHP Fatal error:  Maximum execution time of 30 seconds exceeded in C:\\webserver\\lizmap\\prod\\release_3_3\\lib\\jelix\\core\\jSession.class.php on line 100, referer: http://localhost/webgis/index.php/view/map/?repository=ws&project=wsedit
[Thu Dec 09 18:27:14.976104 2021] [fcgid:warn] [pid 5416:tid 1028] [client ::1:58830] mod_fcgid: stderr: PHP Fatal error:  Maximum execution time of 30 seconds exceeded in C:\\webserver\\lizmap\\prod\\release_3_3\\lib\\jelix\\core\\jSession.class.php on line 100, referer: http://localhost/webgis/index.php/view/map/?repository=ws&project=wsedit
[Wed Dec 29 12:06:06.261284 2021] [fcgid:warn] [pid 5492:tid 1036] [client ::1:56739] mod_fcgid: stderr: PHP Fatal error:  Maximum execution time of 30 seconds exceeded in C:\\webserver\\lizmap\\prod\\release_3_3\\lizmap\\modules\\lizmap\\classes\\lizmapProxy.class.php on line 192, referer: http://localhost/webgis/index.php/view/map/?repository=ws&project=wsedit
[Wed Dec 29 12:06:06.278286 2021] [fcgid:warn] [pid 5492:tid 476] [client ::1:56738] mod_fcgid: stderr: PHP Fatal error:  Maximum execution time of 30 seconds exceeded in C:\\webserver\\lizmap\\prod\\release_3_3\\lizmap\\vendor\\composer\\ClassLoader.php on line 321, referer: http://localhost/webgis/index.php/view/map/?repository=ws&project=wsedit
[Wed Dec 29 12:06:06.279287 2021] [fcgid:warn] [pid 5492:tid 500] [client ::1:56736] mod_fcgid: stderr: PHP Fatal error:  Maximum execution time of 30 seconds exceeded in C:\\webserver\\lizmap\\prod\\release_3_3\\lib\\jelix\\core\\jSession.class.php on line 100, referer: http://localhost/webgis/index.php/view/map/?repository=ws&project=wsedit
[Wed Dec 29 12:06:06.280290 2021] [fcgid:warn] [pid 5492:tid 1028] [client ::1:56725] mod_fcgid: stderr: PHP Fatal error:  Maximum execution time of 30 seconds exceeded in C:\\webserver\\lizmap\\prod\\release_3_3\\lib\\jelix\\core\\jSession.class.php on line 100, referer: http://localhost/webgis/index.php/view/map/?repository=ws&project=wsedit
[Sun Jan 02 16:41:06.196805 2022] [fcgid:warn] [pid 5152:tid 1048] [client ::1:54494] mod_fcgid: stderr: PHP Fatal error:  Maximum execution time of 30 seconds exceeded in C:\\webserver\\lizmap\\prod\\release_3_3\\lib\\jelix\\core\\response\\jResponseText.class.php on line 56, referer: http://localhost/webgis/index.php/view/map/?repository=sssp&project=sssp_basic
[Mon Jan 03 12:57:35.165621 2022] [fcgid:warn] [pid 3580:tid 1060] [client ::1:55606] mod_fcgid: stderr: PHP Fatal error:  Maximum execution time of 30 seconds exceeded in C:\\webserver\\lizmap\\prod\\release_3_3\\lizmap\\modules\\lizmap\\classes\\lizmapProxy.class.php on line 192, referer: http://localhost/webgis/index.php/view/map/?repository=ws&project=wsedit
[Mon Jan 03 12:57:35.178611 2022] [fcgid:warn] [pid 3580:tid 1048] [client ::1:55659] mod_fcgid: stderr: PHP Fatal error:  Maximum execution time of 30 seconds exceeded in C:\\webserver\\lizmap\\prod\\release_3_3\\lizmap\\vendor\\composer\\ClassLoader.php on line 321, referer: http://localhost/webgis/index.php/view/map/?repository=ws&project=wsedit
[Mon Jan 03 12:57:35.179614 2022] [fcgid:warn] [pid 3580:tid 1052] [client ::1:55658] mod_fcgid: stderr: PHP Fatal error:  Maximum execution time of 30 seconds exceeded in C:\\webserver\\lizmap\\prod\\release_3_3\\lib\\jelix\\core\\jSession.class.php on line 100, referer: http://localhost/webgis/index.php/view/map/?repository=ws&project=wsedit
[Mon Jan 03 12:57:35.180615 2022] [fcgid:warn] [pid 3580:tid 1056] [client ::1:55607] mod_fcgid: stderr: PHP Fatal error:  Maximum execution time of 30 seconds exceeded in C:\\webserver\\lizmap\\prod\\release_3_3\\lib\\jelix\\core\\jSession.class.php on line 100, referer: http://localhost/webgis/index.php/view/map/?repository=ws&project=wsedit
[Thu Jan 06 00:22:55.074762 2022] [fcgid:warn] [pid 4952:tid 1084] [client ::1:55342] mod_fcgid: stderr: PHP Fatal error:  Maximum execution time of 30 seconds exceeded in C:\\webserver\\lizmap\\prod\\release_3_3\\lizmap\\modules\\lizmap\\classes\\lizmapProxy.class.php on line 192, referer: http://localhost/webgis/index.php/view/map/?repository=ws&project=wsedit
[Thu Jan 06 00:22:55.090768 2022] [fcgid:warn] [pid 4952:tid 1072] [client ::1:55336] mod_fcgid: stderr: PHP Fatal error:  Maximum execution time of 30 seconds exceeded in C:\\webserver\\lizmap\\prod\\release_3_3\\lizmap\\vendor\\composer\\ClassLoader.php on line 321, referer: http://localhost/webgis/index.php/view/map/?repository=ws&project=wsedit
[Thu Jan 06 00:22:55.094771 2022] [fcgid:warn] [pid 4952:tid 1088] [client ::1:55341] mod_fcgid: stderr: PHP Fatal error:  Maximum execution time of 30 seconds exceeded in C:\\webserver\\lizmap\\prod\\release_3_3\\lib\\jelix\\core\\jSession.class.php on line 100, referer: http://localhost/webgis/index.php/view/map/?repository=ws&project=wsedit
[Thu Jan 06 00:22:55.100770 2022] [fcgid:warn] [pid 4952:tid 1068] [client ::1:55340] mod_fcgid: stderr: PHP Fatal error:  Maximum execution time of 30 seconds exceeded in C:\\webserver\\lizmap\\prod\\release_3_3\\lib\\jelix\\core\\jSession.class.php on line 100, referer: http://localhost/webgis/index.php/view/map/?repository=ws&project=wsedit
